<?xml version="1.0" encoding="UTF-8"?>
<testng-results ignored="0" total="4" passed="3" failed="1" skipped="0">
  <reporter-output>
  </reporter-output>
  <suite started-at="2025-08-08T21:14:37 IST" name="Default suite" finished-at="2025-08-08T21:14:51 IST" duration-ms="13704">
    <groups>
    </groups>
    <test started-at="2025-08-08T21:14:37 IST" name="Default test" finished-at="2025-08-08T21:14:51 IST" duration-ms="13704">
      <class name="com.janitri.Tests.LoginTests">
        <test-method is-config="true" signature="setup()[pri:0, instance:com.janitri.Tests.LoginTests@738dc9b]" started-at="2025-08-08T21:14:37 IST" name="setup" finished-at="2025-08-08T21:14:42 IST" duration-ms="4837" status="PASS">
          <reporter-output>
          </reporter-output>
        </test-method> <!-- setup -->
        <test-method signature="testInvalidLoginShowErrorMsg()[pri:0, instance:com.janitri.Tests.LoginTests@738dc9b]" started-at="2025-08-08T21:14:42 IST" name="testInvalidLoginShowErrorMsg" finished-at="2025-08-08T21:14:43 IST" duration-ms="1666" status="PASS">
          <reporter-output>
          </reporter-output>
        </test-method> <!-- testInvalidLoginShowErrorMsg -->
        <test-method is-config="true" signature="taerdown()[pri:0, instance:com.janitri.Tests.LoginTests@738dc9b]" started-at="2025-08-08T21:14:43 IST" name="taerdown" finished-at="2025-08-08T21:14:44 IST" duration-ms="273" status="PASS">
          <reporter-output>
          </reporter-output>
        </test-method> <!-- taerdown -->
        <test-method is-config="true" signature="setup()[pri:0, instance:com.janitri.Tests.LoginTests@738dc9b]" started-at="2025-08-08T21:14:44 IST" name="setup" finished-at="2025-08-08T21:14:46 IST" duration-ms="1920" status="PASS">
          <reporter-output>
          </reporter-output>
        </test-method> <!-- setup -->
        <test-method signature="testLoginButtonDisabledWhenFieldAreEmpty()[pri:0, instance:com.janitri.Tests.LoginTests@738dc9b]" started-at="2025-08-08T21:14:46 IST" name="testLoginButtonDisabledWhenFieldAreEmpty" finished-at="2025-08-08T21:14:46 IST" duration-ms="61" status="FAIL">
          <exception class="java.lang.AssertionError">
            <message>
              <![CDATA[FAIL: Login button is enabled when fields are empty]]>
            </message>
            <full-stacktrace>
              <![CDATA[java.lang.AssertionError: FAIL: Login button is enabled when fields are empty
at org.testng.Assert.fail(Assert.java:111)
at com.janitri.Pages.LoginPage.testLoginButtonDisabledWhenFieldAreEmpty(LoginPage.java:45)
at com.janitri.Tests.LoginTests.testLoginButtonDisabledWhenFieldAreEmpty(LoginTests.java:14)
at java.base/jdk.internal.reflect.NativeMethodAccessorImpl.invoke0(Native Method)
at java.base/jdk.internal.reflect.NativeMethodAccessorImpl.invoke(NativeMethodAccessorImpl.java:77)
at java.base/jdk.internal.reflect.DelegatingMethodAccessorImpl.invoke(DelegatingMethodAccessorImpl.java:43)
at java.base/java.lang.reflect.Method.invoke(Method.java:568)
at org.testng.internal.invokers.MethodInvocationHelper.invokeMethod(MethodInvocationHelper.java:141)
at org.testng.internal.invokers.TestInvoker.invokeMethod(TestInvoker.java:687)
at org.testng.internal.invokers.TestInvoker.invokeTestMethod(TestInvoker.java:230)
at org.testng.internal.invokers.MethodRunner.runInSequence(MethodRunner.java:63)
at org.testng.internal.invokers.TestInvoker$MethodInvocationAgent.invoke(TestInvoker.java:995)
at org.testng.internal.invokers.TestInvoker.invokeTestMethods(TestInvoker.java:203)
at org.testng.internal.invokers.TestMethodWorker.invokeTestMethods(TestMethodWorker.java:154)
at org.testng.internal.invokers.TestMethodWorker.run(TestMethodWorker.java:134)
at java.base/java.util.ArrayList.forEach(ArrayList.java:1511)
at org.testng.TestRunner.privateRun(TestRunner.java:741)
at org.testng.TestRunner.run(TestRunner.java:616)
at org.testng.SuiteRunner.runTest(SuiteRunner.java:421)
at org.testng.SuiteRunner.runSequentially(SuiteRunner.java:413)
at org.testng.SuiteRunner.privateRun(SuiteRunner.java:373)
at org.testng.SuiteRunner.run(SuiteRunner.java:312)
at org.testng.SuiteRunnerWorker.runSuite(SuiteRunnerWorker.java:52)
at org.testng.SuiteRunnerWorker.run(SuiteRunnerWorker.java:95)
at org.testng.TestNG.runSuitesSequentially(TestNG.java:1274)
at org.testng.TestNG.runSuitesLocally(TestNG.java:1208)
at org.testng.TestNG.runSuites(TestNG.java:1112)
at org.testng.TestNG.run(TestNG.java:1079)
at org.testng.remote.AbstractRemoteTestNG.run(AbstractRemoteTestNG.java:115)
at org.testng.remote.RemoteTestNG.initAndRun(RemoteTestNG.java:293)
at org.testng.remote.RemoteTestNG.main(RemoteTestNG.java:91)
]]>
            </full-stacktrace>
          </exception> <!-- java.lang.AssertionError -->
          <reporter-output>
          </reporter-output>
        </test-method> <!-- testLoginButtonDisabledWhenFieldAreEmpty -->
        <test-method is-config="true" signature="taerdown()[pri:0, instance:com.janitri.Tests.LoginTests@738dc9b]" started-at="2025-08-08T21:14:46 IST" name="taerdown" finished-at="2025-08-08T21:14:46 IST" duration-ms="193" status="PASS">
          <reporter-output>
          </reporter-output>
        </test-method> <!-- taerdown -->
        <test-method is-config="true" signature="setup()[pri:0, instance:com.janitri.Tests.LoginTests@738dc9b]" started-at="2025-08-08T21:14:46 IST" name="setup" finished-at="2025-08-08T21:14:48 IST" duration-ms="1650" status="PASS">
          <reporter-output>
          </reporter-output>
        </test-method> <!-- setup -->
        <test-method signature="testPasswordMaskedbutton()[pri:0, instance:com.janitri.Tests.LoginTests@738dc9b]" started-at="2025-08-08T21:14:48 IST" name="testPasswordMaskedbutton" finished-at="2025-08-08T21:14:48 IST" duration-ms="396" status="PASS">
          <reporter-output>
          </reporter-output>
        </test-method> <!-- testPasswordMaskedbutton -->
        <test-method is-config="true" signature="taerdown()[pri:0, instance:com.janitri.Tests.LoginTests@738dc9b]" started-at="2025-08-08T21:14:48 IST" name="taerdown" finished-at="2025-08-08T21:14:48 IST" duration-ms="176" status="PASS">
          <reporter-output>
          </reporter-output>
        </test-method> <!-- taerdown -->
        <test-method is-config="true" signature="setup()[pri:0, instance:com.janitri.Tests.LoginTests@738dc9b]" started-at="2025-08-08T21:14:48 IST" name="setup" finished-at="2025-08-08T21:14:50 IST" duration-ms="1571" status="PASS">
          <reporter-output>
          </reporter-output>
        </test-method> <!-- setup -->
        <test-method signature="testWithBlankFields()[pri:0, instance:com.janitri.Tests.LoginTests@738dc9b]" started-at="2025-08-08T21:14:50 IST" name="testWithBlankFields" finished-at="2025-08-08T21:14:50 IST" duration-ms="639" status="PASS">
          <reporter-output>
          </reporter-output>
        </test-method> <!-- testWithBlankFields -->
        <test-method is-config="true" signature="taerdown()[pri:0, instance:com.janitri.Tests.LoginTests@738dc9b]" started-at="2025-08-08T21:14:50 IST" name="taerdown" finished-at="2025-08-08T21:14:51 IST" duration-ms="214" status="PASS">
          <reporter-output>
          </reporter-output>
        </test-method> <!-- taerdown -->
      </class> <!-- com.janitri.Tests.LoginTests -->
    </test> <!-- Default test -->
  </suite> <!-- Default suite -->
</testng-results>
